[DEBUG] 2024-12-06 00:40:27.728 [JavaFX Application Thread] Main - Debug Message Logged !!!
[INFO ] 2024-12-06 00:40:27.731 [JavaFX Application Thread] Main - Info Message Logged !!!
[ERROR] 2024-12-06 00:40:27.731 [JavaFX Application Thread] Main - Error Message Logged !!!
java.lang.NullPointerException: NullError
	at com.example.newsapplicationversion1/com.example.newsapplicationversion1.Main.start(Main.java:37) ~[classes/:?]
	at javafx.graphics/com.sun.javafx.application.LauncherImpl.lambda$launchApplication1$9(LauncherImpl.java:839) ~[javafx-graphics-23.0.1-win.jar:?]
	at javafx.graphics/com.sun.javafx.application.PlatformImpl.lambda$runAndWait$12(PlatformImpl.java:483) ~[javafx-graphics-23.0.1-win.jar:?]
	at javafx.graphics/com.sun.javafx.application.PlatformImpl.lambda$runLater$10(PlatformImpl.java:456) ~[javafx-graphics-23.0.1-win.jar:?]
	at java.base/java.security.AccessController.doPrivileged(AccessController.java:400) ~[?:?]
	at javafx.graphics/com.sun.javafx.application.PlatformImpl.lambda$runLater$11(PlatformImpl.java:455) ~[javafx-graphics-23.0.1-win.jar:?]
	at javafx.graphics/com.sun.glass.ui.InvokeLaterDispatcher$Future.run(InvokeLaterDispatcher.java:95) ~[javafx-graphics-23.0.1-win.jar:?]
	at javafx.graphics/com.sun.glass.ui.win.WinApplication._runLoop(Native Method) ~[javafx-graphics-23.0.1-win.jar:?]
	at javafx.graphics/com.sun.glass.ui.win.WinApplication.lambda$runLoop$3(WinApplication.java:184) ~[javafx-graphics-23.0.1-win.jar:?]
	at java.base/java.lang.Thread.run(Thread.java:1575) [?:?]
[DEBUG] 2024-12-06 07:13:56.122 [JavaFX Application Thread] Main - Debug Message Logged !!!
[INFO ] 2024-12-06 07:13:56.126 [JavaFX Application Thread] Main - Info Message Logged !!!
[ERROR] 2024-12-06 07:13:56.126 [JavaFX Application Thread] Main - Error Message Logged !!!
java.lang.NullPointerException: NullError
	at com.example.newsapplicationversion1/com.example.newsapplicationversion1.Main.start(Main.java:37) ~[classes/:?]
	at javafx.graphics/com.sun.javafx.application.LauncherImpl.lambda$launchApplication1$9(LauncherImpl.java:839) ~[javafx-graphics-23.0.1-win.jar:?]
	at javafx.graphics/com.sun.javafx.application.PlatformImpl.lambda$runAndWait$12(PlatformImpl.java:483) ~[javafx-graphics-23.0.1-win.jar:?]
	at javafx.graphics/com.sun.javafx.application.PlatformImpl.lambda$runLater$10(PlatformImpl.java:456) ~[javafx-graphics-23.0.1-win.jar:?]
	at java.base/java.security.AccessController.doPrivileged(AccessController.java:400) ~[?:?]
	at javafx.graphics/com.sun.javafx.application.PlatformImpl.lambda$runLater$11(PlatformImpl.java:455) ~[javafx-graphics-23.0.1-win.jar:?]
	at javafx.graphics/com.sun.glass.ui.InvokeLaterDispatcher$Future.run(InvokeLaterDispatcher.java:95) ~[javafx-graphics-23.0.1-win.jar:?]
	at javafx.graphics/com.sun.glass.ui.win.WinApplication._runLoop(Native Method) ~[javafx-graphics-23.0.1-win.jar:?]
	at javafx.graphics/com.sun.glass.ui.win.WinApplication.lambda$runLoop$3(WinApplication.java:184) ~[javafx-graphics-23.0.1-win.jar:?]
	at java.base/java.lang.Thread.run(Thread.java:1575) [?:?]
[DEBUG] 2024-12-06 07:27:00.428 [JavaFX Application Thread] Main - Debug Message Logged !!!
[INFO ] 2024-12-06 07:27:00.432 [JavaFX Application Thread] Main - Info Message Logged !!!
[ERROR] 2024-12-06 07:27:00.432 [JavaFX Application Thread] Main - Error Message Logged !!!
java.lang.NullPointerException: NullError
	at com.example.newsapplicationversion1/com.example.newsapplicationversion1.Main.start(Main.java:37) ~[classes/:?]
	at javafx.graphics/com.sun.javafx.application.LauncherImpl.lambda$launchApplication1$9(LauncherImpl.java:839) ~[javafx-graphics-23.0.1-win.jar:?]
	at javafx.graphics/com.sun.javafx.application.PlatformImpl.lambda$runAndWait$12(PlatformImpl.java:483) ~[javafx-graphics-23.0.1-win.jar:?]
	at javafx.graphics/com.sun.javafx.application.PlatformImpl.lambda$runLater$10(PlatformImpl.java:456) ~[javafx-graphics-23.0.1-win.jar:?]
	at java.base/java.security.AccessController.doPrivileged(AccessController.java:400) ~[?:?]
	at javafx.graphics/com.sun.javafx.application.PlatformImpl.lambda$runLater$11(PlatformImpl.java:455) ~[javafx-graphics-23.0.1-win.jar:?]
	at javafx.graphics/com.sun.glass.ui.InvokeLaterDispatcher$Future.run(InvokeLaterDispatcher.java:95) ~[javafx-graphics-23.0.1-win.jar:?]
	at javafx.graphics/com.sun.glass.ui.win.WinApplication._runLoop(Native Method) ~[javafx-graphics-23.0.1-win.jar:?]
	at javafx.graphics/com.sun.glass.ui.win.WinApplication.lambda$runLoop$3(WinApplication.java:184) ~[javafx-graphics-23.0.1-win.jar:?]
	at java.base/java.lang.Thread.run(Thread.java:1575) [?:?]
[DEBUG] 2024-12-06 07:28:32.840 [JavaFX Application Thread] Main - Debug Message Logged !!!
[INFO ] 2024-12-06 07:28:32.843 [JavaFX Application Thread] Main - Info Message Logged !!!
[ERROR] 2024-12-06 07:28:32.843 [JavaFX Application Thread] Main - Error Message Logged !!!
java.lang.NullPointerException: NullError
	at com.example.newsapplicationversion1/com.example.newsapplicationversion1.Main.start(Main.java:37) ~[classes/:?]
	at javafx.graphics/com.sun.javafx.application.LauncherImpl.lambda$launchApplication1$9(LauncherImpl.java:839) ~[javafx-graphics-23.0.1-win.jar:?]
	at javafx.graphics/com.sun.javafx.application.PlatformImpl.lambda$runAndWait$12(PlatformImpl.java:483) ~[javafx-graphics-23.0.1-win.jar:?]
	at javafx.graphics/com.sun.javafx.application.PlatformImpl.lambda$runLater$10(PlatformImpl.java:456) ~[javafx-graphics-23.0.1-win.jar:?]
	at java.base/java.security.AccessController.doPrivileged(AccessController.java:400) ~[?:?]
	at javafx.graphics/com.sun.javafx.application.PlatformImpl.lambda$runLater$11(PlatformImpl.java:455) ~[javafx-graphics-23.0.1-win.jar:?]
	at javafx.graphics/com.sun.glass.ui.InvokeLaterDispatcher$Future.run(InvokeLaterDispatcher.java:95) ~[javafx-graphics-23.0.1-win.jar:?]
	at javafx.graphics/com.sun.glass.ui.win.WinApplication._runLoop(Native Method) ~[javafx-graphics-23.0.1-win.jar:?]
	at javafx.graphics/com.sun.glass.ui.win.WinApplication.lambda$runLoop$3(WinApplication.java:184) ~[javafx-graphics-23.0.1-win.jar:?]
	at java.base/java.lang.Thread.run(Thread.java:1575) [?:?]
[DEBUG] 2024-12-06 07:46:01.057 [JavaFX Application Thread] Main - Debug Message Logged !!!
[INFO ] 2024-12-06 07:46:01.061 [JavaFX Application Thread] Main - Info Message Logged !!!
[ERROR] 2024-12-06 07:46:01.061 [JavaFX Application Thread] Main - Error Message Logged !!!
java.lang.NullPointerException: NullError
	at com.example.newsapplicationversion1/com.example.newsapplicationversion1.Main.start(Main.java:37) ~[classes/:?]
	at javafx.graphics/com.sun.javafx.application.LauncherImpl.lambda$launchApplication1$9(LauncherImpl.java:839) ~[javafx-graphics-23.0.1-win.jar:?]
	at javafx.graphics/com.sun.javafx.application.PlatformImpl.lambda$runAndWait$12(PlatformImpl.java:483) ~[javafx-graphics-23.0.1-win.jar:?]
	at javafx.graphics/com.sun.javafx.application.PlatformImpl.lambda$runLater$10(PlatformImpl.java:456) ~[javafx-graphics-23.0.1-win.jar:?]
	at java.base/java.security.AccessController.doPrivileged(AccessController.java:400) ~[?:?]
	at javafx.graphics/com.sun.javafx.application.PlatformImpl.lambda$runLater$11(PlatformImpl.java:455) ~[javafx-graphics-23.0.1-win.jar:?]
	at javafx.graphics/com.sun.glass.ui.InvokeLaterDispatcher$Future.run(InvokeLaterDispatcher.java:95) ~[javafx-graphics-23.0.1-win.jar:?]
	at javafx.graphics/com.sun.glass.ui.win.WinApplication._runLoop(Native Method) ~[javafx-graphics-23.0.1-win.jar:?]
	at javafx.graphics/com.sun.glass.ui.win.WinApplication.lambda$runLoop$3(WinApplication.java:184) ~[javafx-graphics-23.0.1-win.jar:?]
	at java.base/java.lang.Thread.run(Thread.java:1575) [?:?]
[DEBUG] 2024-12-06 08:54:27.522 [JavaFX Application Thread] Main - Debug Message Logged !!!
[INFO ] 2024-12-06 08:54:27.524 [JavaFX Application Thread] Main - Info Message Logged !!!
[ERROR] 2024-12-06 08:54:27.524 [JavaFX Application Thread] Main - Error Message Logged !!!
java.lang.NullPointerException: NullError
	at com.example.newsapplicationversion1/com.example.newsapplicationversion1.Main.start(Main.java:37) ~[classes/:?]
	at javafx.graphics/com.sun.javafx.application.LauncherImpl.lambda$launchApplication1$9(LauncherImpl.java:839) ~[javafx-graphics-23.0.1-win.jar:?]
	at javafx.graphics/com.sun.javafx.application.PlatformImpl.lambda$runAndWait$12(PlatformImpl.java:483) ~[javafx-graphics-23.0.1-win.jar:?]
	at javafx.graphics/com.sun.javafx.application.PlatformImpl.lambda$runLater$10(PlatformImpl.java:456) ~[javafx-graphics-23.0.1-win.jar:?]
	at java.base/java.security.AccessController.doPrivileged(AccessController.java:400) ~[?:?]
	at javafx.graphics/com.sun.javafx.application.PlatformImpl.lambda$runLater$11(PlatformImpl.java:455) ~[javafx-graphics-23.0.1-win.jar:?]
	at javafx.graphics/com.sun.glass.ui.InvokeLaterDispatcher$Future.run(InvokeLaterDispatcher.java:95) ~[javafx-graphics-23.0.1-win.jar:?]
	at javafx.graphics/com.sun.glass.ui.win.WinApplication._runLoop(Native Method) ~[javafx-graphics-23.0.1-win.jar:?]
	at javafx.graphics/com.sun.glass.ui.win.WinApplication.lambda$runLoop$3(WinApplication.java:184) ~[javafx-graphics-23.0.1-win.jar:?]
	at java.base/java.lang.Thread.run(Thread.java:1575) [?:?]
[DEBUG] 2024-12-06 09:22:41.083 [JavaFX Application Thread] Main - Debug Message Logged !!!
[INFO ] 2024-12-06 09:22:41.085 [JavaFX Application Thread] Main - Info Message Logged !!!
[ERROR] 2024-12-06 09:22:41.085 [JavaFX Application Thread] Main - Error Message Logged !!!
java.lang.NullPointerException: NullError
	at com.example.newsapplicationversion1/com.example.newsapplicationversion1.Main.start(Main.java:37) ~[classes/:?]
	at javafx.graphics/com.sun.javafx.application.LauncherImpl.lambda$launchApplication1$9(LauncherImpl.java:839) ~[javafx-graphics-23.0.1-win.jar:?]
	at javafx.graphics/com.sun.javafx.application.PlatformImpl.lambda$runAndWait$12(PlatformImpl.java:483) ~[javafx-graphics-23.0.1-win.jar:?]
	at javafx.graphics/com.sun.javafx.application.PlatformImpl.lambda$runLater$10(PlatformImpl.java:456) ~[javafx-graphics-23.0.1-win.jar:?]
	at java.base/java.security.AccessController.doPrivileged(AccessController.java:400) ~[?:?]
	at javafx.graphics/com.sun.javafx.application.PlatformImpl.lambda$runLater$11(PlatformImpl.java:455) ~[javafx-graphics-23.0.1-win.jar:?]
	at javafx.graphics/com.sun.glass.ui.InvokeLaterDispatcher$Future.run(InvokeLaterDispatcher.java:95) ~[javafx-graphics-23.0.1-win.jar:?]
	at javafx.graphics/com.sun.glass.ui.win.WinApplication._runLoop(Native Method) ~[javafx-graphics-23.0.1-win.jar:?]
	at javafx.graphics/com.sun.glass.ui.win.WinApplication.lambda$runLoop$3(WinApplication.java:184) ~[javafx-graphics-23.0.1-win.jar:?]
	at java.base/java.lang.Thread.run(Thread.java:1575) [?:?]
[DEBUG] 2024-12-06 09:26:35.278 [JavaFX Application Thread] Main - Debug Message Logged !!!
[INFO ] 2024-12-06 09:26:35.280 [JavaFX Application Thread] Main - Info Message Logged !!!
[ERROR] 2024-12-06 09:26:35.280 [JavaFX Application Thread] Main - Error Message Logged !!!
java.lang.NullPointerException: NullError
	at com.example.newsapplicationversion1/com.example.newsapplicationversion1.Main.start(Main.java:37) ~[classes/:?]
	at javafx.graphics/com.sun.javafx.application.LauncherImpl.lambda$launchApplication1$9(LauncherImpl.java:839) ~[javafx-graphics-23.0.1-win.jar:?]
	at javafx.graphics/com.sun.javafx.application.PlatformImpl.lambda$runAndWait$12(PlatformImpl.java:483) ~[javafx-graphics-23.0.1-win.jar:?]
	at javafx.graphics/com.sun.javafx.application.PlatformImpl.lambda$runLater$10(PlatformImpl.java:456) ~[javafx-graphics-23.0.1-win.jar:?]
	at java.base/java.security.AccessController.doPrivileged(AccessController.java:400) ~[?:?]
	at javafx.graphics/com.sun.javafx.application.PlatformImpl.lambda$runLater$11(PlatformImpl.java:455) ~[javafx-graphics-23.0.1-win.jar:?]
	at javafx.graphics/com.sun.glass.ui.InvokeLaterDispatcher$Future.run(InvokeLaterDispatcher.java:95) ~[javafx-graphics-23.0.1-win.jar:?]
	at javafx.graphics/com.sun.glass.ui.win.WinApplication._runLoop(Native Method) ~[javafx-graphics-23.0.1-win.jar:?]
	at javafx.graphics/com.sun.glass.ui.win.WinApplication.lambda$runLoop$3(WinApplication.java:184) ~[javafx-graphics-23.0.1-win.jar:?]
	at java.base/java.lang.Thread.run(Thread.java:1575) [?:?]
[DEBUG] 2024-12-06 09:38:20.450 [JavaFX Application Thread] Main - Debug Message Logged !!!
[INFO ] 2024-12-06 09:38:20.452 [JavaFX Application Thread] Main - Info Message Logged !!!
[ERROR] 2024-12-06 09:38:20.452 [JavaFX Application Thread] Main - Error Message Logged !!!
java.lang.NullPointerException: NullError
	at com.example.newsapplicationversion1/com.example.newsapplicationversion1.Main.start(Main.java:37) ~[classes/:?]
	at javafx.graphics/com.sun.javafx.application.LauncherImpl.lambda$launchApplication1$9(LauncherImpl.java:839) ~[javafx-graphics-23.0.1-win.jar:?]
	at javafx.graphics/com.sun.javafx.application.PlatformImpl.lambda$runAndWait$12(PlatformImpl.java:483) ~[javafx-graphics-23.0.1-win.jar:?]
	at javafx.graphics/com.sun.javafx.application.PlatformImpl.lambda$runLater$10(PlatformImpl.java:456) ~[javafx-graphics-23.0.1-win.jar:?]
	at java.base/java.security.AccessController.doPrivileged(AccessController.java:400) ~[?:?]
	at javafx.graphics/com.sun.javafx.application.PlatformImpl.lambda$runLater$11(PlatformImpl.java:455) ~[javafx-graphics-23.0.1-win.jar:?]
	at javafx.graphics/com.sun.glass.ui.InvokeLaterDispatcher$Future.run(InvokeLaterDispatcher.java:95) ~[javafx-graphics-23.0.1-win.jar:?]
	at javafx.graphics/com.sun.glass.ui.win.WinApplication._runLoop(Native Method) ~[javafx-graphics-23.0.1-win.jar:?]
	at javafx.graphics/com.sun.glass.ui.win.WinApplication.lambda$runLoop$3(WinApplication.java:184) ~[javafx-graphics-23.0.1-win.jar:?]
	at java.base/java.lang.Thread.run(Thread.java:1575) [?:?]
[DEBUG] 2024-12-06 10:05:18.518 [JavaFX Application Thread] Main - Debug Message Logged !!!
[INFO ] 2024-12-06 10:05:18.520 [JavaFX Application Thread] Main - Info Message Logged !!!
[ERROR] 2024-12-06 10:05:18.520 [JavaFX Application Thread] Main - Error Message Logged !!!
java.lang.NullPointerException: NullError
	at com.example.newsapplicationversion1/com.example.newsapplicationversion1.Main.start(Main.java:37) ~[classes/:?]
	at javafx.graphics/com.sun.javafx.application.LauncherImpl.lambda$launchApplication1$9(LauncherImpl.java:839) ~[javafx-graphics-23.0.1-win.jar:?]
	at javafx.graphics/com.sun.javafx.application.PlatformImpl.lambda$runAndWait$12(PlatformImpl.java:483) ~[javafx-graphics-23.0.1-win.jar:?]
	at javafx.graphics/com.sun.javafx.application.PlatformImpl.lambda$runLater$10(PlatformImpl.java:456) ~[javafx-graphics-23.0.1-win.jar:?]
	at java.base/java.security.AccessController.doPrivileged(AccessController.java:400) ~[?:?]
	at javafx.graphics/com.sun.javafx.application.PlatformImpl.lambda$runLater$11(PlatformImpl.java:455) ~[javafx-graphics-23.0.1-win.jar:?]
	at javafx.graphics/com.sun.glass.ui.InvokeLaterDispatcher$Future.run(InvokeLaterDispatcher.java:95) ~[javafx-graphics-23.0.1-win.jar:?]
	at javafx.graphics/com.sun.glass.ui.win.WinApplication._runLoop(Native Method) ~[javafx-graphics-23.0.1-win.jar:?]
	at javafx.graphics/com.sun.glass.ui.win.WinApplication.lambda$runLoop$3(WinApplication.java:184) ~[javafx-graphics-23.0.1-win.jar:?]
	at java.base/java.lang.Thread.run(Thread.java:1575) [?:?]
[DEBUG] 2024-12-06 10:11:23.486 [JavaFX Application Thread] Main - Debug Message Logged !!!
[INFO ] 2024-12-06 10:11:23.489 [JavaFX Application Thread] Main - Info Message Logged !!!
[ERROR] 2024-12-06 10:11:23.489 [JavaFX Application Thread] Main - Error Message Logged !!!
java.lang.NullPointerException: NullError
	at com.example.newsapplicationversion1/com.example.newsapplicationversion1.Main.start(Main.java:37) ~[classes/:?]
	at javafx.graphics/com.sun.javafx.application.LauncherImpl.lambda$launchApplication1$9(LauncherImpl.java:839) ~[javafx-graphics-23.0.1-win.jar:?]
	at javafx.graphics/com.sun.javafx.application.PlatformImpl.lambda$runAndWait$12(PlatformImpl.java:483) ~[javafx-graphics-23.0.1-win.jar:?]
	at javafx.graphics/com.sun.javafx.application.PlatformImpl.lambda$runLater$10(PlatformImpl.java:456) ~[javafx-graphics-23.0.1-win.jar:?]
	at java.base/java.security.AccessController.doPrivileged(AccessController.java:400) ~[?:?]
	at javafx.graphics/com.sun.javafx.application.PlatformImpl.lambda$runLater$11(PlatformImpl.java:455) ~[javafx-graphics-23.0.1-win.jar:?]
	at javafx.graphics/com.sun.glass.ui.InvokeLaterDispatcher$Future.run(InvokeLaterDispatcher.java:95) ~[javafx-graphics-23.0.1-win.jar:?]
	at javafx.graphics/com.sun.glass.ui.win.WinApplication._runLoop(Native Method) ~[javafx-graphics-23.0.1-win.jar:?]
	at javafx.graphics/com.sun.glass.ui.win.WinApplication.lambda$runLoop$3(WinApplication.java:184) ~[javafx-graphics-23.0.1-win.jar:?]
	at java.base/java.lang.Thread.run(Thread.java:1575) [?:?]
[DEBUG] 2024-12-06 10:17:25.816 [JavaFX Application Thread] Main - Debug Message Logged !!!
[INFO ] 2024-12-06 10:17:25.818 [JavaFX Application Thread] Main - Info Message Logged !!!
[ERROR] 2024-12-06 10:17:25.818 [JavaFX Application Thread] Main - Error Message Logged !!!
java.lang.NullPointerException: NullError
	at com.example.newsapplicationversion1/com.example.newsapplicationversion1.Main.start(Main.java:37) ~[classes/:?]
	at javafx.graphics/com.sun.javafx.application.LauncherImpl.lambda$launchApplication1$9(LauncherImpl.java:839) ~[javafx-graphics-23.0.1-win.jar:?]
	at javafx.graphics/com.sun.javafx.application.PlatformImpl.lambda$runAndWait$12(PlatformImpl.java:483) ~[javafx-graphics-23.0.1-win.jar:?]
	at javafx.graphics/com.sun.javafx.application.PlatformImpl.lambda$runLater$10(PlatformImpl.java:456) ~[javafx-graphics-23.0.1-win.jar:?]
	at java.base/java.security.AccessController.doPrivileged(AccessController.java:400) ~[?:?]
	at javafx.graphics/com.sun.javafx.application.PlatformImpl.lambda$runLater$11(PlatformImpl.java:455) ~[javafx-graphics-23.0.1-win.jar:?]
	at javafx.graphics/com.sun.glass.ui.InvokeLaterDispatcher$Future.run(InvokeLaterDispatcher.java:95) ~[javafx-graphics-23.0.1-win.jar:?]
	at javafx.graphics/com.sun.glass.ui.win.WinApplication._runLoop(Native Method) ~[javafx-graphics-23.0.1-win.jar:?]
	at javafx.graphics/com.sun.glass.ui.win.WinApplication.lambda$runLoop$3(WinApplication.java:184) ~[javafx-graphics-23.0.1-win.jar:?]
	at java.base/java.lang.Thread.run(Thread.java:1575) [?:?]
